{"@timestamp":"2022-02-19T00:00:21.296-07","level":"stat","content":"CPU: 0m, MEMORY: Alloc=7.6Mi, TotalAlloc=12.7Mi, Sys=26.1Mi, NumGC=5"}
{"@timestamp":"2022-02-19T00:00:21.319-07","level":"stat","content":"(api) shedding_stat [1m], cpu: 0, total: 1, pass: 1, drop: 0"}
{"@timestamp":"2022-02-19T00:00:39.596-07","level":"stat","content":"(admin) - qps: 0.0/s, drops: 0, avg time: 961.0ms, med: 961.4ms, 90th: 961.4ms, 99th: 961.4ms, 99.9th: 961.4ms"}
{"@timestamp":"2022-02-19T00:01:09.403-07","level":"stat","content":"p2c - conn: 192.168.1.117:65010, load: 28953, reqs: 1"}
{"@timestamp":"2022-02-19T00:02:03.885-07","level":"stat","content":"CPU: 0m, MEMORY: Alloc=7.5Mi, TotalAlloc=12.5Mi, Sys=26.1Mi, NumGC=5"}
{"@timestamp":"2022-02-19T00:02:03.908-07","level":"stat","content":"(api) shedding_stat [1m], cpu: 0, total: 1, pass: 1, drop: 0"}
{"@timestamp":"2022-02-19T00:02:09.404-07","level":"stat","content":"(admin) - qps: 0.0/s, drops: 0, avg time: 839.0ms, med: 839.6ms, 90th: 839.6ms, 99th: 839.6ms, 99.9th: 839.6ms"}
{"@timestamp":"2022-02-19T00:03:03.885-07","level":"stat","content":"CPU: 0m, MEMORY: Alloc=7.6Mi, TotalAlloc=12.6Mi, Sys=26.1Mi, NumGC=5"}
{"@timestamp":"2022-02-19T00:03:03.908-07","level":"stat","content":"(api) shedding_stat [1m], cpu: 0, total: 0, pass: 0, drop: 0"}
{"@timestamp":"2022-02-19T00:03:09.403-07","level":"stat","content":"(admin) - qps: 0.0/s, drops: 0, avg time: 0.0ms, med: 0.0ms, 90th: 0.0ms, 99th: 0.0ms, 99.9th: 0.0ms"}
{"@timestamp":"2022-02-19T00:04:22.658-07","level":"stat","content":"p2c - conn: 192.168.1.117:65010, load: 31902, reqs: 1"}
{"@timestamp":"2022-02-19T00:05:17.294-07","level":"stat","content":"CPU: 0m, MEMORY: Alloc=7.4Mi, TotalAlloc=12.4Mi, Sys=26.1Mi, NumGC=5"}
{"@timestamp":"2022-02-19T00:05:17.320-07","level":"stat","content":"(api) shedding_stat [1m], cpu: 0, total: 1, pass: 1, drop: 0"}
{"@timestamp":"2022-02-19T00:05:22.658-07","level":"stat","content":"(admin) - qps: 0.0/s, drops: 0, avg time: 1019.0ms, med: 1019.1ms, 90th: 1019.1ms, 99th: 1019.1ms, 99.9th: 1019.1ms"}
{"@timestamp":"2022-02-19T00:08:35.950-07","level":"stat","content":"p2c - conn: 192.168.1.117:65010, load: 28767, reqs: 1"}
{"@timestamp":"2022-02-19T00:08:48.680-07","level":"stat","content":"CPU: 0m, MEMORY: Alloc=7.7Mi, TotalAlloc=12.4Mi, Sys=25.1Mi, NumGC=5"}
{"@timestamp":"2022-02-19T00:08:48.708-07","level":"stat","content":"(api) shedding_stat [1m], cpu: 0, total: 1, pass: 1, drop: 0"}
{"@timestamp":"2022-02-19T00:09:35.952-07","level":"stat","content":"(admin) - qps: 0.0/s, drops: 0, avg time: 968.0ms, med: 1107.4ms, 90th: 1107.4ms, 99th: 1107.4ms, 99.9th: 1107.4ms"}
{"@timestamp":"2022-02-19T00:09:48.683-07","level":"stat","content":"CPU: 0m, MEMORY: Alloc=11.3Mi, TotalAlloc=16.1Mi, Sys=29.1Mi, NumGC=5"}
{"@timestamp":"2022-02-19T00:09:48.708-07","level":"stat","content":"(api) shedding_stat [1m], cpu: 0, total: 1, pass: 1, drop: 0"}
{"@timestamp":"2022-02-19T00:10:35.950-07","level":"stat","content":"(admin) - qps: 0.0/s, drops: 0, avg time: 0.0ms, med: 0.0ms, 90th: 0.0ms, 99th: 0.0ms, 99.9th: 0.0ms"}
{"@timestamp":"2022-02-19T00:10:48.680-07","level":"stat","content":"CPU: 0m, MEMORY: Alloc=5.0Mi, TotalAlloc=16.1Mi, Sys=29.1Mi, NumGC=6"}
{"@timestamp":"2022-02-19T00:10:48.708-07","level":"stat","content":"(api) shedding_stat [1m], cpu: 0, total: 0, pass: 0, drop: 0"}
{"@timestamp":"2022-02-19T00:12:09.958-07","level":"stat","content":"p2c - conn: 192.168.1.117:65010, load: 28931, reqs: 1"}
{"@timestamp":"2022-02-19T00:12:52.432-07","level":"stat","content":"CPU: 0m, MEMORY: Alloc=10.9Mi, TotalAlloc=15.9Mi, Sys=30.1Mi, NumGC=5"}
{"@timestamp":"2022-02-19T00:12:52.457-07","level":"stat","content":"(api) shedding_stat [1m], cpu: 0, total: 2, pass: 2, drop: 0"}
{"@timestamp":"2022-02-19T00:13:09.959-07","level":"stat","content":"(admin) - qps: 0.0/s, drops: 0, avg time: 767.0ms, med: 838.4ms, 90th: 838.4ms, 99th: 838.4ms, 99.9th: 838.4ms"}
{"@timestamp":"2022-02-19T00:13:52.432-07","level":"stat","content":"CPU: 0m, MEMORY: Alloc=11.1Mi, TotalAlloc=16.0Mi, Sys=30.1Mi, NumGC=5"}
{"@timestamp":"2022-02-19T00:13:52.456-07","level":"stat","content":"(api) shedding_stat [1m], cpu: 0, total: 0, pass: 0, drop: 0"}
{"@timestamp":"2022-02-19T00:14:09.958-07","level":"stat","content":"(admin) - qps: 0.0/s, drops: 0, avg time: 0.0ms, med: 0.0ms, 90th: 0.0ms, 99th: 0.0ms, 99.9th: 0.0ms"}
{"@timestamp":"2022-02-19T00:14:52.431-07","level":"stat","content":"CPU: 0m, MEMORY: Alloc=5.0Mi, TotalAlloc=16.1Mi, Sys=30.1Mi, NumGC=6"}
{"@timestamp":"2022-02-19T00:14:52.456-07","level":"stat","content":"(api) shedding_stat [1m], cpu: 0, total: 0, pass: 0, drop: 0"}
{"@timestamp":"2022-02-19T00:15:09.958-07","level":"stat","content":"(admin) - qps: 0.0/s, drops: 0, avg time: 0.0ms, med: 0.0ms, 90th: 0.0ms, 99th: 0.0ms, 99.9th: 0.0ms"}
{"@timestamp":"2022-02-19T00:15:45.295-07","level":"stat","content":"p2c - conn: 192.168.1.117:65010, load: 29884, reqs: 1"}
{"@timestamp":"2022-02-19T00:16:33.516-07","level":"stat","content":"CPU: 0m, MEMORY: Alloc=7.9Mi, TotalAlloc=12.5Mi, Sys=25.1Mi, NumGC=5"}
{"@timestamp":"2022-02-19T00:16:33.541-07","level":"stat","content":"(api) shedding_stat [1m], cpu: 0, total: 1, pass: 1, drop: 0"}
{"@timestamp":"2022-02-19T00:16:45.298-07","level":"stat","content":"(admin) - qps: 0.0/s, drops: 0, avg time: 893.0ms, med: 894.0ms, 90th: 894.0ms, 99th: 894.0ms, 99.9th: 894.0ms"}
{"@timestamp":"2022-02-19T00:17:33.516-07","level":"stat","content":"CPU: 0m, MEMORY: Alloc=8.1Mi, TotalAlloc=12.6Mi, Sys=25.1Mi, NumGC=5"}
{"@timestamp":"2022-02-19T00:17:33.541-07","level":"stat","content":"(api) shedding_stat [1m], cpu: 0, total: 0, pass: 0, drop: 0"}
{"@timestamp":"2022-02-19T00:17:45.298-07","level":"stat","content":"(admin) - qps: 0.0/s, drops: 0, avg time: 0.0ms, med: 0.0ms, 90th: 0.0ms, 99th: 0.0ms, 99.9th: 0.0ms"}
{"@timestamp":"2022-02-19T00:18:33.517-07","level":"stat","content":"CPU: 0m, MEMORY: Alloc=5.0Mi, TotalAlloc=12.6Mi, Sys=25.1Mi, NumGC=6"}
{"@timestamp":"2022-02-19T00:18:33.541-07","level":"stat","content":"(api) shedding_stat [1m], cpu: 0, total: 0, pass: 0, drop: 0"}
{"@timestamp":"2022-02-19T00:18:45.298-07","level":"stat","content":"(admin) - qps: 0.0/s, drops: 0, avg time: 0.0ms, med: 0.0ms, 90th: 0.0ms, 99th: 0.0ms, 99.9th: 0.0ms"}
{"@timestamp":"2022-02-19T00:19:33.518-07","level":"stat","content":"CPU: 0m, MEMORY: Alloc=5.0Mi, TotalAlloc=12.6Mi, Sys=25.1Mi, NumGC=6"}
{"@timestamp":"2022-02-19T00:19:33.542-07","level":"stat","content":"(api) shedding_stat [1m], cpu: 0, total: 0, pass: 0, drop: 0"}
{"@timestamp":"2022-02-19T00:19:45.300-07","level":"stat","content":"(admin) - qps: 0.0/s, drops: 0, avg time: 0.0ms, med: 0.0ms, 90th: 0.0ms, 99th: 0.0ms, 99.9th: 0.0ms"}
{"@timestamp":"2022-02-19T00:20:33.520-07","level":"stat","content":"CPU: 0m, MEMORY: Alloc=5.0Mi, TotalAlloc=12.6Mi, Sys=25.1Mi, NumGC=7"}
{"@timestamp":"2022-02-19T00:20:33.543-07","level":"stat","content":"(api) shedding_stat [1m], cpu: 0, total: 0, pass: 0, drop: 0"}
{"@timestamp":"2022-02-19T00:20:45.300-07","level":"stat","content":"(admin) - qps: 0.0/s, drops: 0, avg time: 0.0ms, med: 0.0ms, 90th: 0.0ms, 99th: 0.0ms, 99.9th: 0.0ms"}
{"@timestamp":"2022-02-19T00:21:33.518-07","level":"stat","content":"CPU: 0m, MEMORY: Alloc=5.0Mi, TotalAlloc=12.7Mi, Sys=25.1Mi, NumGC=7"}
{"@timestamp":"2022-02-19T00:21:33.543-07","level":"stat","content":"(api) shedding_stat [1m], cpu: 0, total: 0, pass: 0, drop: 0"}
{"@timestamp":"2022-02-19T00:21:45.301-07","level":"stat","content":"(admin) - qps: 0.0/s, drops: 0, avg time: 0.0ms, med: 0.0ms, 90th: 0.0ms, 99th: 0.0ms, 99.9th: 0.0ms"}
{"@timestamp":"2022-02-19T00:22:33.519-07","level":"stat","content":"CPU: 0m, MEMORY: Alloc=5.0Mi, TotalAlloc=12.7Mi, Sys=25.1Mi, NumGC=8"}
{"@timestamp":"2022-02-19T00:22:33.543-07","level":"stat","content":"(api) shedding_stat [1m], cpu: 0, total: 0, pass: 0, drop: 0"}
{"@timestamp":"2022-02-19T00:22:45.300-07","level":"stat","content":"(admin) - qps: 0.0/s, drops: 0, avg time: 0.0ms, med: 0.0ms, 90th: 0.0ms, 99th: 0.0ms, 99.9th: 0.0ms"}
{"@timestamp":"2022-02-19T00:23:33.519-07","level":"stat","content":"CPU: 0m, MEMORY: Alloc=5.0Mi, TotalAlloc=12.7Mi, Sys=25.1Mi, NumGC=8"}
{"@timestamp":"2022-02-19T00:23:33.543-07","level":"stat","content":"(api) shedding_stat [1m], cpu: 0, total: 0, pass: 0, drop: 0"}
{"@timestamp":"2022-02-19T00:23:45.300-07","level":"stat","content":"(admin) - qps: 0.0/s, drops: 0, avg time: 0.0ms, med: 0.0ms, 90th: 0.0ms, 99th: 0.0ms, 99.9th: 0.0ms"}
{"@timestamp":"2022-02-19T00:24:33.519-07","level":"stat","content":"CPU: 0m, MEMORY: Alloc=5.0Mi, TotalAlloc=12.7Mi, Sys=25.1Mi, NumGC=9"}
{"@timestamp":"2022-02-19T00:24:33.544-07","level":"stat","content":"(api) shedding_stat [1m], cpu: 0, total: 0, pass: 0, drop: 0"}
{"@timestamp":"2022-02-19T00:24:45.302-07","level":"stat","content":"(admin) - qps: 0.0/s, drops: 0, avg time: 0.0ms, med: 0.0ms, 90th: 0.0ms, 99th: 0.0ms, 99.9th: 0.0ms"}
{"@timestamp":"2022-02-19T00:25:33.520-07","level":"stat","content":"CPU: 0m, MEMORY: Alloc=5.0Mi, TotalAlloc=12.7Mi, Sys=25.1Mi, NumGC=9"}
{"@timestamp":"2022-02-19T00:25:33.544-07","level":"stat","content":"(api) shedding_stat [1m], cpu: 0, total: 0, pass: 0, drop: 0"}
{"@timestamp":"2022-02-19T00:25:45.301-07","level":"stat","content":"(admin) - qps: 0.0/s, drops: 0, avg time: 0.0ms, med: 0.0ms, 90th: 0.0ms, 99th: 0.0ms, 99.9th: 0.0ms"}
{"@timestamp":"2022-02-19T00:26:52.471-07","level":"stat","content":"p2c - conn: 192.168.1.117:65010, load: 37106, reqs: 1"}
{"@timestamp":"2022-02-19T00:27:47.159-07","level":"stat","content":"CPU: 0m, MEMORY: Alloc=7.0Mi, TotalAlloc=12.6Mi, Sys=25.1Mi, NumGC=5"}
{"@timestamp":"2022-02-19T00:27:47.184-07","level":"stat","content":"(api) shedding_stat [1m], cpu: 0, total: 1, pass: 1, drop: 0"}
{"@timestamp":"2022-02-19T00:27:52.473-07","level":"stat","content":"(admin) - qps: 0.0/s, drops: 0, avg time: 1378.0ms, med: 1379.0ms, 90th: 1379.0ms, 99th: 1379.0ms, 99.9th: 1379.0ms"}
{"@timestamp":"2022-02-19T00:28:47.160-07","level":"stat","content":"CPU: 0m, MEMORY: Alloc=7.2Mi, TotalAlloc=12.7Mi, Sys=25.1Mi, NumGC=5"}
{"@timestamp":"2022-02-19T00:28:47.184-07","level":"stat","content":"(api) shedding_stat [1m], cpu: 0, total: 0, pass: 0, drop: 0"}
{"@timestamp":"2022-02-19T00:28:52.473-07","level":"stat","content":"(admin) - qps: 0.0/s, drops: 0, avg time: 0.0ms, med: 0.0ms, 90th: 0.0ms, 99th: 0.0ms, 99.9th: 0.0ms"}
{"@timestamp":"2022-02-19T00:29:47.160-07","level":"stat","content":"CPU: 0m, MEMORY: Alloc=5.1Mi, TotalAlloc=12.8Mi, Sys=25.1Mi, NumGC=6"}
{"@timestamp":"2022-02-19T00:29:47.185-07","level":"stat","content":"(api) shedding_stat [1m], cpu: 0, total: 0, pass: 0, drop: 0"}
{"@timestamp":"2022-02-19T00:29:52.473-07","level":"stat","content":"(admin) - qps: 0.0/s, drops: 0, avg time: 0.0ms, med: 0.0ms, 90th: 0.0ms, 99th: 0.0ms, 99.9th: 0.0ms"}
{"@timestamp":"2022-02-19T00:30:47.161-07","level":"stat","content":"CPU: 0m, MEMORY: Alloc=5.1Mi, TotalAlloc=12.8Mi, Sys=25.1Mi, NumGC=6"}
{"@timestamp":"2022-02-19T00:30:47.185-07","level":"stat","content":"(api) shedding_stat [1m], cpu: 0, total: 0, pass: 0, drop: 0"}
{"@timestamp":"2022-02-19T00:30:52.474-07","level":"stat","content":"(admin) - qps: 0.0/s, drops: 0, avg time: 0.0ms, med: 0.0ms, 90th: 0.0ms, 99th: 0.0ms, 99.9th: 0.0ms"}
{"@timestamp":"2022-02-19T00:31:47.161-07","level":"stat","content":"CPU: 0m, MEMORY: Alloc=5.1Mi, TotalAlloc=12.8Mi, Sys=25.3Mi, NumGC=7"}
{"@timestamp":"2022-02-19T00:31:47.186-07","level":"stat","content":"(api) shedding_stat [1m], cpu: 0, total: 0, pass: 0, drop: 0"}
{"@timestamp":"2022-02-19T00:31:52.474-07","level":"stat","content":"(admin) - qps: 0.0/s, drops: 0, avg time: 0.0ms, med: 0.0ms, 90th: 0.0ms, 99th: 0.0ms, 99.9th: 0.0ms"}
{"@timestamp":"2022-02-19T00:32:47.161-07","level":"stat","content":"CPU: 0m, MEMORY: Alloc=5.1Mi, TotalAlloc=12.8Mi, Sys=25.3Mi, NumGC=7"}
{"@timestamp":"2022-02-19T00:32:47.186-07","level":"stat","content":"(api) shedding_stat [1m], cpu: 0, total: 0, pass: 0, drop: 0"}
{"@timestamp":"2022-02-19T00:32:52.475-07","level":"stat","content":"(admin) - qps: 0.0/s, drops: 0, avg time: 0.0ms, med: 0.0ms, 90th: 0.0ms, 99th: 0.0ms, 99.9th: 0.0ms"}
{"@timestamp":"2022-02-19T00:33:34.624-07","level":"stat","content":"p2c - conn: 192.168.1.117:65010, load: 38223, reqs: 1"}
{"@timestamp":"2022-02-19T00:34:28.207-07","level":"stat","content":"CPU: 0m, MEMORY: Alloc=7.5Mi, TotalAlloc=12.5Mi, Sys=25.6Mi, NumGC=5"}
{"@timestamp":"2022-02-19T00:34:28.228-07","level":"stat","content":"(api) shedding_stat [1m], cpu: 0, total: 1, pass: 1, drop: 0"}
{"@timestamp":"2022-02-19T00:34:34.625-07","level":"stat","content":"(admin) - qps: 0.0/s, drops: 0, avg time: 1463.0ms, med: 1463.1ms, 90th: 1463.1ms, 99th: 1463.1ms, 99.9th: 1463.1ms"}
{"@timestamp":"2022-02-19T00:35:28.197-07","level":"stat","content":"CPU: 0m, MEMORY: Alloc=7.6Mi, TotalAlloc=12.6Mi, Sys=25.6Mi, NumGC=5"}
{"@timestamp":"2022-02-19T00:35:28.219-07","level":"stat","content":"(api) shedding_stat [1m], cpu: 0, total: 0, pass: 0, drop: 0"}
{"@timestamp":"2022-02-19T00:35:34.615-07","level":"stat","content":"(admin) - qps: 0.0/s, drops: 0, avg time: 0.0ms, med: 0.0ms, 90th: 0.0ms, 99th: 0.0ms, 99.9th: 0.0ms"}
{"@timestamp":"2022-02-19T00:36:20.949-07","level":"stat","content":"p2c - conn: 192.168.1.117:65010, load: 25523, reqs: 1"}
{"@timestamp":"2022-02-19T00:36:28.195-07","level":"stat","content":"CPU: 0m, MEMORY: Alloc=8.6Mi, TotalAlloc=16.2Mi, Sys=25.6Mi, NumGC=6"}
{"@timestamp":"2022-02-19T00:36:28.217-07","level":"stat","content":"(api) shedding_stat [1m], cpu: 0, total: 1, pass: 1, drop: 0"}
{"@timestamp":"2022-02-19T00:36:34.613-07","level":"stat","content":"(admin) - qps: 0.0/s, drops: 0, avg time: 652.0ms, med: 652.1ms, 90th: 652.1ms, 99th: 652.1ms, 99.9th: 652.1ms"}
{"@timestamp":"2022-02-19T00:37:28.195-07","level":"stat","content":"CPU: 0m, MEMORY: Alloc=8.6Mi, TotalAlloc=16.2Mi, Sys=25.6Mi, NumGC=6"}
{"@timestamp":"2022-02-19T00:37:28.217-07","level":"stat","content":"(api) shedding_stat [1m], cpu: 0, total: 0, pass: 0, drop: 0"}
{"@timestamp":"2022-02-19T00:37:34.613-07","level":"stat","content":"(admin) - qps: 0.0/s, drops: 0, avg time: 0.0ms, med: 0.0ms, 90th: 0.0ms, 99th: 0.0ms, 99.9th: 0.0ms"}
{"@timestamp":"2022-02-19T00:38:28.196-07","level":"stat","content":"CPU: 0m, MEMORY: Alloc=5.0Mi, TotalAlloc=16.2Mi, Sys=25.6Mi, NumGC=7"}
{"@timestamp":"2022-02-19T00:38:28.218-07","level":"stat","content":"(api) shedding_stat [1m], cpu: 0, total: 0, pass: 0, drop: 0"}
{"@timestamp":"2022-02-19T00:38:34.614-07","level":"stat","content":"(admin) - qps: 0.0/s, drops: 0, avg time: 0.0ms, med: 0.0ms, 90th: 0.0ms, 99th: 0.0ms, 99.9th: 0.0ms"}
{"@timestamp":"2022-02-19T00:39:28.196-07","level":"stat","content":"CPU: 0m, MEMORY: Alloc=5.1Mi, TotalAlloc=16.3Mi, Sys=25.6Mi, NumGC=7"}
{"@timestamp":"2022-02-19T00:39:28.218-07","level":"stat","content":"(api) shedding_stat [1m], cpu: 0, total: 0, pass: 0, drop: 0"}
{"@timestamp":"2022-02-19T00:39:34.615-07","level":"stat","content":"(admin) - qps: 0.0/s, drops: 0, avg time: 0.0ms, med: 0.0ms, 90th: 0.0ms, 99th: 0.0ms, 99.9th: 0.0ms"}
{"@timestamp":"2022-02-19T00:40:28.122-07","level":"stat","content":"p2c - conn: 192.168.1.117:65010, load: 36405, reqs: 1"}
{"@timestamp":"2022-02-19T00:41:19.611-07","level":"stat","content":"CPU: 0m, MEMORY: Alloc=8.4Mi, TotalAlloc=12.4Mi, Sys=24.6Mi, NumGC=4"}
{"@timestamp":"2022-02-19T00:41:19.656-07","level":"stat","content":"(api) shedding_stat [1m], cpu: 0, total: 1, pass: 1, drop: 0"}
{"@timestamp":"2022-02-19T00:41:52.579-07","level":"stat","content":"p2c - conn: 192.168.1.117:65010, load: 27832, reqs: 1"}
{"@timestamp":"2022-02-19T00:42:43.441-07","level":"stat","content":"CPU: 0m, MEMORY: Alloc=10.4Mi, TotalAlloc=15.9Mi, Sys=29.8Mi, NumGC=5"}
{"@timestamp":"2022-02-19T00:42:43.463-07","level":"stat","content":"(api) shedding_stat [1m], cpu: 0, total: 2, pass: 2, drop: 0"}
{"@timestamp":"2022-02-19T00:42:52.580-07","level":"stat","content":"(admin) - qps: 0.0/s, drops: 0, avg time: 1072.5ms, med: 1369.5ms, 90th: 1369.5ms, 99th: 1369.5ms, 99.9th: 1369.5ms"}
{"@timestamp":"2022-02-19T00:43:43.446-07","level":"stat","content":"CPU: 0m, MEMORY: Alloc=10.6Mi, TotalAlloc=16.0Mi, Sys=29.8Mi, NumGC=5"}
{"@timestamp":"2022-02-19T00:43:43.464-07","level":"stat","content":"(api) shedding_stat [1m], cpu: 0, total: 0, pass: 0, drop: 0"}
{"@timestamp":"2022-02-19T00:43:52.581-07","level":"stat","content":"(admin) - qps: 0.0/s, drops: 0, avg time: 0.0ms, med: 0.0ms, 90th: 0.0ms, 99th: 0.0ms, 99.9th: 0.0ms"}
{"@timestamp":"2022-02-19T00:44:43.442-07","level":"stat","content":"CPU: 0m, MEMORY: Alloc=5.0Mi, TotalAlloc=16.1Mi, Sys=29.8Mi, NumGC=6"}
{"@timestamp":"2022-02-19T00:44:43.464-07","level":"stat","content":"(api) shedding_stat [1m], cpu: 0, total: 0, pass: 0, drop: 0"}
{"@timestamp":"2022-02-19T00:44:52.582-07","level":"stat","content":"(admin) - qps: 0.0/s, drops: 0, avg time: 0.0ms, med: 0.0ms, 90th: 0.0ms, 99th: 0.0ms, 99.9th: 0.0ms"}
{"@timestamp":"2022-02-19T00:45:43.443-07","level":"stat","content":"CPU: 0m, MEMORY: Alloc=5.0Mi, TotalAlloc=16.1Mi, Sys=29.8Mi, NumGC=6"}
{"@timestamp":"2022-02-19T00:45:43.464-07","level":"stat","content":"(api) shedding_stat [1m], cpu: 0, total: 0, pass: 0, drop: 0"}
{"@timestamp":"2022-02-19T00:45:52.581-07","level":"stat","content":"(admin) - qps: 0.0/s, drops: 0, avg time: 0.0ms, med: 0.0ms, 90th: 0.0ms, 99th: 0.0ms, 99.9th: 0.0ms"}
{"@timestamp":"2022-02-19T00:46:43.443-07","level":"stat","content":"CPU: 0m, MEMORY: Alloc=4.9Mi, TotalAlloc=16.1Mi, Sys=29.8Mi, NumGC=7"}
{"@timestamp":"2022-02-19T00:46:43.466-07","level":"stat","content":"(api) shedding_stat [1m], cpu: 0, total: 0, pass: 0, drop: 0"}
{"@timestamp":"2022-02-19T00:46:52.582-07","level":"stat","content":"(admin) - qps: 0.0/s, drops: 0, avg time: 0.0ms, med: 0.0ms, 90th: 0.0ms, 99th: 0.0ms, 99.9th: 0.0ms"}
{"@timestamp":"2022-02-19T00:47:43.443-07","level":"stat","content":"CPU: 0m, MEMORY: Alloc=5.0Mi, TotalAlloc=16.1Mi, Sys=29.8Mi, NumGC=7"}
{"@timestamp":"2022-02-19T00:47:43.466-07","level":"stat","content":"(api) shedding_stat [1m], cpu: 0, total: 0, pass: 0, drop: 0"}
{"@timestamp":"2022-02-19T00:47:52.583-07","level":"stat","content":"(admin) - qps: 0.0/s, drops: 0, avg time: 0.0ms, med: 0.0ms, 90th: 0.0ms, 99th: 0.0ms, 99.9th: 0.0ms"}
{"@timestamp":"2022-02-19T00:48:43.444-07","level":"stat","content":"CPU: 0m, MEMORY: Alloc=4.9Mi, TotalAlloc=16.1Mi, Sys=29.8Mi, NumGC=8"}
{"@timestamp":"2022-02-19T00:48:43.467-07","level":"stat","content":"(api) shedding_stat [1m], cpu: 0, total: 0, pass: 0, drop: 0"}
{"@timestamp":"2022-02-19T00:48:52.584-07","level":"stat","content":"(admin) - qps: 0.0/s, drops: 0, avg time: 0.0ms, med: 0.0ms, 90th: 0.0ms, 99th: 0.0ms, 99.9th: 0.0ms"}
{"@timestamp":"2022-02-19T00:49:43.446-07","level":"stat","content":"CPU: 0m, MEMORY: Alloc=5.0Mi, TotalAlloc=16.1Mi, Sys=29.8Mi, NumGC=8"}
{"@timestamp":"2022-02-19T00:49:43.467-07","level":"stat","content":"(api) shedding_stat [1m], cpu: 0, total: 0, pass: 0, drop: 0"}
{"@timestamp":"2022-02-19T00:49:52.583-07","level":"stat","content":"(admin) - qps: 0.0/s, drops: 0, avg time: 0.0ms, med: 0.0ms, 90th: 0.0ms, 99th: 0.0ms, 99.9th: 0.0ms"}
{"@timestamp":"2022-02-19T00:50:43.444-07","level":"stat","content":"CPU: 0m, MEMORY: Alloc=4.9Mi, TotalAlloc=16.1Mi, Sys=29.8Mi, NumGC=9"}
{"@timestamp":"2022-02-19T00:50:43.467-07","level":"stat","content":"(api) shedding_stat [1m], cpu: 0, total: 0, pass: 0, drop: 0"}
{"@timestamp":"2022-02-19T00:50:52.584-07","level":"stat","content":"(admin) - qps: 0.0/s, drops: 0, avg time: 0.0ms, med: 0.0ms, 90th: 0.0ms, 99th: 0.0ms, 99.9th: 0.0ms"}
{"@timestamp":"2022-02-19T00:51:43.447-07","level":"stat","content":"CPU: 0m, MEMORY: Alloc=5.0Mi, TotalAlloc=16.2Mi, Sys=29.8Mi, NumGC=9"}
{"@timestamp":"2022-02-19T00:51:43.468-07","level":"stat","content":"(api) shedding_stat [1m], cpu: 0, total: 0, pass: 0, drop: 0"}
{"@timestamp":"2022-02-19T00:51:52.667-07","level":"stat","content":"(admin) - qps: 0.0/s, drops: 0, avg time: 0.0ms, med: 0.0ms, 90th: 0.0ms, 99th: 0.0ms, 99.9th: 0.0ms"}
{"@timestamp":"2022-02-19T00:52:43.529-07","level":"stat","content":"CPU: 0m, MEMORY: Alloc=4.9Mi, TotalAlloc=16.2Mi, Sys=29.8Mi, NumGC=10"}
{"@timestamp":"2022-02-19T00:52:43.552-07","level":"stat","content":"(api) shedding_stat [1m], cpu: 0, total: 0, pass: 0, drop: 0"}
{"@timestamp":"2022-02-19T00:52:52.669-07","level":"stat","content":"(admin) - qps: 0.0/s, drops: 0, avg time: 0.0ms, med: 0.0ms, 90th: 0.0ms, 99th: 0.0ms, 99.9th: 0.0ms"}
{"@timestamp":"2022-02-19T00:53:43.532-07","level":"stat","content":"CPU: 0m, MEMORY: Alloc=4.9Mi, TotalAlloc=16.2Mi, Sys=29.8Mi, NumGC=10"}
{"@timestamp":"2022-02-19T00:53:43.554-07","level":"stat","content":"(api) shedding_stat [1m], cpu: 0, total: 0, pass: 0, drop: 0"}
{"@timestamp":"2022-02-19T00:53:52.672-07","level":"stat","content":"(admin) - qps: 0.0/s, drops: 0, avg time: 0.0ms, med: 0.0ms, 90th: 0.0ms, 99th: 0.0ms, 99.9th: 0.0ms"}
{"@timestamp":"2022-02-19T00:54:35.838-07","level":"stat","content":"p2c - conn: 192.168.1.117:65010, load: 32070, reqs: 1"}
{"@timestamp":"2022-02-19T00:55:24.294-07","level":"stat","content":"CPU: 0m, MEMORY: Alloc=7.7Mi, TotalAlloc=12.4Mi, Sys=25.1Mi, NumGC=5"}
{"@timestamp":"2022-02-19T00:55:24.318-07","level":"stat","content":"(api) shedding_stat [1m], cpu: 0, total: 1, pass: 1, drop: 0"}
{"@timestamp":"2022-02-19T00:55:35.841-07","level":"stat","content":"(admin) - qps: 0.0/s, drops: 0, avg time: 1029.0ms, med: 1029.9ms, 90th: 1029.9ms, 99th: 1029.9ms, 99.9th: 1029.9ms"}
{"@timestamp":"2022-02-19T00:56:24.296-07","level":"stat","content":"CPU: 0m, MEMORY: Alloc=7.8Mi, TotalAlloc=12.6Mi, Sys=25.1Mi, NumGC=5"}
{"@timestamp":"2022-02-19T00:56:24.320-07","level":"stat","content":"(api) shedding_stat [1m], cpu: 0, total: 0, pass: 0, drop: 0"}
{"@timestamp":"2022-02-19T00:56:35.842-07","level":"stat","content":"(admin) - qps: 0.0/s, drops: 0, avg time: 0.0ms, med: 0.0ms, 90th: 0.0ms, 99th: 0.0ms, 99.9th: 0.0ms"}
{"@timestamp":"2022-02-19T00:57:24.298-07","level":"stat","content":"CPU: 0m, MEMORY: Alloc=5.0Mi, TotalAlloc=12.6Mi, Sys=25.1Mi, NumGC=6"}
{"@timestamp":"2022-02-19T00:57:24.322-07","level":"stat","content":"(api) shedding_stat [1m], cpu: 0, total: 0, pass: 0, drop: 0"}
{"@timestamp":"2022-02-19T00:57:35.844-07","level":"stat","content":"(admin) - qps: 0.0/s, drops: 0, avg time: 0.0ms, med: 0.0ms, 90th: 0.0ms, 99th: 0.0ms, 99.9th: 0.0ms"}
{"@timestamp":"2022-02-19T00:58:57.268-07","level":"stat","content":"CPU: 0m, MEMORY: Alloc=4.8Mi, TotalAlloc=8.7Mi, Sys=21.6Mi, NumGC=4"}
{"@timestamp":"2022-02-19T00:58:57.290-07","level":"stat","content":"(api) shedding_stat [1m], cpu: 0, total: 0, pass: 0, drop: 0"}
{"@timestamp":"2022-02-19T00:59:18.036-07","level":"stat","content":"p2c - conn: 192.168.1.117:65010, load: 28627, reqs: 1"}
{"@timestamp":"2022-02-19T00:59:57.269-07","level":"stat","content":"CPU: 0m, MEMORY: Alloc=7.6Mi, TotalAlloc=12.6Mi, Sys=25.8Mi, NumGC=5"}
{"@timestamp":"2022-02-19T00:59:57.293-07","level":"stat","content":"(api) shedding_stat [1m], cpu: 0, total: 1, pass: 1, drop: 0"}
{"@timestamp":"2022-02-19T01:00:18.039-07","level":"stat","content":"(admin) - qps: 0.0/s, drops: 0, avg time: 820.0ms, med: 820.3ms, 90th: 820.3ms, 99th: 820.3ms, 99.9th: 820.3ms"}
{"@timestamp":"2022-02-19T01:00:57.271-07","level":"stat","content":"CPU: 0m, MEMORY: Alloc=7.6Mi, TotalAlloc=12.6Mi, Sys=25.8Mi, NumGC=5"}
{"@timestamp":"2022-02-19T01:00:57.294-07","level":"stat","content":"(api) shedding_stat [1m], cpu: 0, total: 0, pass: 0, drop: 0"}
{"@timestamp":"2022-02-19T01:01:18.039-07","level":"stat","content":"(admin) - qps: 0.0/s, drops: 0, avg time: 0.0ms, med: 0.0ms, 90th: 0.0ms, 99th: 0.0ms, 99.9th: 0.0ms"}
{"@timestamp":"2022-02-19T01:01:57.273-07","level":"stat","content":"CPU: 0m, MEMORY: Alloc=5.0Mi, TotalAlloc=12.6Mi, Sys=26.1Mi, NumGC=6"}
{"@timestamp":"2022-02-19T01:01:57.296-07","level":"stat","content":"(api) shedding_stat [1m], cpu: 0, total: 0, pass: 0, drop: 0"}
{"@timestamp":"2022-02-19T01:02:18.041-07","level":"stat","content":"(admin) - qps: 0.0/s, drops: 0, avg time: 0.0ms, med: 0.0ms, 90th: 0.0ms, 99th: 0.0ms, 99.9th: 0.0ms"}
{"@timestamp":"2022-02-19T01:02:57.274-07","level":"stat","content":"CPU: 0m, MEMORY: Alloc=5.0Mi, TotalAlloc=12.7Mi, Sys=26.1Mi, NumGC=6"}
{"@timestamp":"2022-02-19T01:02:57.298-07","level":"stat","content":"(api) shedding_stat [1m], cpu: 0, total: 0, pass: 0, drop: 0"}
{"@timestamp":"2022-02-19T01:03:18.044-07","level":"stat","content":"(admin) - qps: 0.0/s, drops: 0, avg time: 0.0ms, med: 0.0ms, 90th: 0.0ms, 99th: 0.0ms, 99.9th: 0.0ms"}
{"@timestamp":"2022-02-19T01:03:57.276-07","level":"stat","content":"CPU: 0m, MEMORY: Alloc=5.0Mi, TotalAlloc=12.7Mi, Sys=26.1Mi, NumGC=7"}
{"@timestamp":"2022-02-19T01:03:57.299-07","level":"stat","content":"(api) shedding_stat [1m], cpu: 0, total: 0, pass: 0, drop: 0"}
{"@timestamp":"2022-02-19T01:04:18.045-07","level":"stat","content":"(admin) - qps: 0.0/s, drops: 0, avg time: 0.0ms, med: 0.0ms, 90th: 0.0ms, 99th: 0.0ms, 99.9th: 0.0ms"}
{"@timestamp":"2022-02-19T01:04:57.278-07","level":"stat","content":"CPU: 0m, MEMORY: Alloc=5.0Mi, TotalAlloc=12.7Mi, Sys=26.1Mi, NumGC=7"}
{"@timestamp":"2022-02-19T01:04:57.301-07","level":"stat","content":"(api) shedding_stat [1m], cpu: 0, total: 0, pass: 0, drop: 0"}
{"@timestamp":"2022-02-19T01:05:18.047-07","level":"stat","content":"(admin) - qps: 0.0/s, drops: 0, avg time: 0.0ms, med: 0.0ms, 90th: 0.0ms, 99th: 0.0ms, 99.9th: 0.0ms"}
{"@timestamp":"2022-02-19T01:05:57.281-07","level":"stat","content":"CPU: 0m, MEMORY: Alloc=5.0Mi, TotalAlloc=12.7Mi, Sys=26.1Mi, NumGC=8"}
{"@timestamp":"2022-02-19T01:05:57.304-07","level":"stat","content":"(api) shedding_stat [1m], cpu: 0, total: 0, pass: 0, drop: 0"}
{"@timestamp":"2022-02-19T01:06:18.048-07","level":"stat","content":"(admin) - qps: 0.0/s, drops: 0, avg time: 0.0ms, med: 0.0ms, 90th: 0.0ms, 99th: 0.0ms, 99.9th: 0.0ms"}
{"@timestamp":"2022-02-19T01:06:57.283-07","level":"stat","content":"CPU: 0m, MEMORY: Alloc=5.0Mi, TotalAlloc=12.7Mi, Sys=26.1Mi, NumGC=8"}
{"@timestamp":"2022-02-19T01:06:57.306-07","level":"stat","content":"(api) shedding_stat [1m], cpu: 0, total: 0, pass: 0, drop: 0"}
{"@timestamp":"2022-02-19T01:07:18.051-07","level":"stat","content":"(admin) - qps: 0.0/s, drops: 0, avg time: 0.0ms, med: 0.0ms, 90th: 0.0ms, 99th: 0.0ms, 99.9th: 0.0ms"}
{"@timestamp":"2022-02-19T01:08:04.497-07","level":"stat","content":"p2c - conn: 192.168.1.117:65010, load: 4063, reqs: 1"}
{"@timestamp":"2022-02-19T01:08:59.522-07","level":"stat","content":"CPU: 0m, MEMORY: Alloc=7.5Mi, TotalAlloc=12.5Mi, Sys=25.3Mi, NumGC=5"}
{"@timestamp":"2022-02-19T01:08:59.548-07","level":"stat","content":"(api) shedding_stat [1m], cpu: 0, total: 1, pass: 1, drop: 0"}
{"@timestamp":"2022-02-19T01:09:04.500-07","level":"stat","content":"(admin) - qps: 0.0/s, drops: 0, avg time: 17.0ms, med: 17.9ms, 90th: 17.9ms, 99th: 17.9ms, 99.9th: 17.9ms"}
{"@timestamp":"2022-02-19T01:09:59.450-07","level":"stat","content":"CPU: 0m, MEMORY: Alloc=7.6Mi, TotalAlloc=12.6Mi, Sys=25.3Mi, NumGC=5"}
{"@timestamp":"2022-02-19T01:09:59.476-07","level":"stat","content":"(api) shedding_stat [1m], cpu: 0, total: 0, pass: 0, drop: 0"}
{"@timestamp":"2022-02-19T01:10:04.427-07","level":"stat","content":"(admin) - qps: 0.0/s, drops: 0, avg time: 0.0ms, med: 0.0ms, 90th: 0.0ms, 99th: 0.0ms, 99.9th: 0.0ms"}
{"@timestamp":"2022-02-19T01:10:59.450-07","level":"stat","content":"CPU: 0m, MEMORY: Alloc=5.0Mi, TotalAlloc=12.7Mi, Sys=25.3Mi, NumGC=6"}
{"@timestamp":"2022-02-19T01:10:59.476-07","level":"stat","content":"(api) shedding_stat [1m], cpu: 0, total: 0, pass: 0, drop: 0"}
{"@timestamp":"2022-02-19T01:11:04.427-07","level":"stat","content":"(admin) - qps: 0.0/s, drops: 0, avg time: 0.0ms, med: 0.0ms, 90th: 0.0ms, 99th: 0.0ms, 99.9th: 0.0ms"}
{"@timestamp":"2022-02-19T01:11:59.449-07","level":"stat","content":"CPU: 0m, MEMORY: Alloc=5.1Mi, TotalAlloc=12.7Mi, Sys=25.3Mi, NumGC=6"}
{"@timestamp":"2022-02-19T01:11:59.475-07","level":"stat","content":"(api) shedding_stat [1m], cpu: 0, total: 0, pass: 0, drop: 0"}
{"@timestamp":"2022-02-19T01:12:04.426-07","level":"stat","content":"(admin) - qps: 0.0/s, drops: 0, avg time: 0.0ms, med: 0.0ms, 90th: 0.0ms, 99th: 0.0ms, 99.9th: 0.0ms"}
{"@timestamp":"2022-02-19T01:12:59.448-07","level":"stat","content":"CPU: 0m, MEMORY: Alloc=5.0Mi, TotalAlloc=12.7Mi, Sys=25.3Mi, NumGC=7"}
{"@timestamp":"2022-02-19T01:12:59.474-07","level":"stat","content":"(api) shedding_stat [1m], cpu: 0, total: 0, pass: 0, drop: 0"}
{"@timestamp":"2022-02-19T01:13:04.426-07","level":"stat","content":"(admin) - qps: 0.0/s, drops: 0, avg time: 0.0ms, med: 0.0ms, 90th: 0.0ms, 99th: 0.0ms, 99.9th: 0.0ms"}
{"@timestamp":"2022-02-19T01:13:59.449-07","level":"stat","content":"CPU: 0m, MEMORY: Alloc=5.0Mi, TotalAlloc=12.7Mi, Sys=25.3Mi, NumGC=7"}
{"@timestamp":"2022-02-19T01:13:59.474-07","level":"stat","content":"(api) shedding_stat [1m], cpu: 0, total: 0, pass: 0, drop: 0"}
{"@timestamp":"2022-02-19T01:14:27.638-07","level":"stat","content":"p2c - conn: 192.168.1.117:65010, load: 3210, reqs: 1"}
{"@timestamp":"2022-02-19T01:15:21.429-07","level":"stat","content":"CPU: 0m, MEMORY: Alloc=7.9Mi, TotalAlloc=12.5Mi, Sys=25.3Mi, NumGC=5"}
{"@timestamp":"2022-02-19T01:15:21.454-07","level":"stat","content":"(api) shedding_stat [1m], cpu: 0, total: 1, pass: 1, drop: 0"}
{"@timestamp":"2022-02-19T01:15:27.638-07","level":"stat","content":"(admin) - qps: 0.0/s, drops: 0, avg time: 12.0ms, med: 12.6ms, 90th: 12.6ms, 99th: 12.6ms, 99.9th: 12.6ms"}
{"@timestamp":"2022-02-19T01:16:21.428-07","level":"stat","content":"CPU: 0m, MEMORY: Alloc=8.1Mi, TotalAlloc=12.6Mi, Sys=25.3Mi, NumGC=5"}
{"@timestamp":"2022-02-19T01:16:21.453-07","level":"stat","content":"(api) shedding_stat [1m], cpu: 0, total: 0, pass: 0, drop: 0"}
{"@timestamp":"2022-02-19T01:16:27.639-07","level":"stat","content":"(admin) - qps: 0.0/s, drops: 0, avg time: 0.0ms, med: 0.0ms, 90th: 0.0ms, 99th: 0.0ms, 99.9th: 0.0ms"}
{"@timestamp":"2022-02-19T01:17:09.142-07","level":"stat","content":"p2c - conn: 192.168.1.117:65010, load: 3427, reqs: 1"}
{"@timestamp":"2022-02-19T01:18:07.147-07","level":"stat","content":"CPU: 0m, MEMORY: Alloc=7.4Mi, TotalAlloc=12.4Mi, Sys=25.6Mi, NumGC=5"}
{"@timestamp":"2022-02-19T01:18:07.167-07","level":"stat","content":"(api) shedding_stat [1m], cpu: 0, total: 1, pass: 1, drop: 0"}
{"@timestamp":"2022-02-19T01:18:09.142-07","level":"stat","content":"(admin) - qps: 0.0/s, drops: 0, avg time: 13.0ms, med: 13.2ms, 90th: 13.2ms, 99th: 13.2ms, 99.9th: 13.2ms"}
{"@timestamp":"2022-02-19T01:19:04.733-07","level":"stat","content":"p2c - conn: 192.168.1.117:65010, load: 3422, reqs: 1"}
{"@timestamp":"2022-02-19T01:19:38.141-07","level":"stat","content":"p2c - conn: 192.168.1.117:65010, load: 3183, reqs: 1"}
{"@timestamp":"2022-02-19T01:20:34.785-07","level":"stat","content":"CPU: 0m, MEMORY: Alloc=7.7Mi, TotalAlloc=12.5Mi, Sys=25.3Mi, NumGC=5"}
{"@timestamp":"2022-02-19T01:20:34.808-07","level":"stat","content":"(api) shedding_stat [1m], cpu: 0, total: 1, pass: 1, drop: 0"}
{"@timestamp":"2022-02-19T01:20:38.141-07","level":"stat","content":"(admin) - qps: 0.0/s, drops: 0, avg time: 11.0ms, med: 11.1ms, 90th: 11.1ms, 99th: 11.1ms, 99.9th: 11.1ms"}
{"@timestamp":"2022-02-19T01:21:26.751-07","level":"stat","content":"p2c - conn: 192.168.1.117:65010, load: 3429, reqs: 1"}
{"@timestamp":"2022-02-19T01:22:26.327-07","level":"stat","content":"CPU: 0m, MEMORY: Alloc=7.6Mi, TotalAlloc=26.8Mi, Sys=30.1Mi, NumGC=7"}
{"@timestamp":"2022-02-19T01:22:26.351-07","level":"stat","content":"(api) shedding_stat [1m], cpu: 0, total: 5, pass: 5, drop: 0"}
{"@timestamp":"2022-02-19T01:22:26.751-07","level":"stat","content":"(admin) - qps: 0.1/s, drops: 0, avg time: 6.6ms, med: 5.8ms, 90th: 13.2ms, 99th: 13.2ms, 99.9th: 13.2ms"}
{"@timestamp":"2022-02-19T01:23:26.327-07","level":"stat","content":"CPU: 0m, MEMORY: Alloc=7.7Mi, TotalAlloc=26.9Mi, Sys=30.1Mi, NumGC=7"}
{"@timestamp":"2022-02-19T01:23:26.351-07","level":"stat","content":"(api) shedding_stat [1m], cpu: 0, total: 0, pass: 0, drop: 0"}
{"@timestamp":"2022-02-19T01:23:26.751-07","level":"stat","content":"(admin) - qps: 0.0/s, drops: 0, avg time: 0.0ms, med: 0.0ms, 90th: 0.0ms, 99th: 0.0ms, 99.9th: 0.0ms"}
{"@timestamp":"2022-02-19T01:24:26.326-07","level":"stat","content":"CPU: 0m, MEMORY: Alloc=5.1Mi, TotalAlloc=26.9Mi, Sys=30.1Mi, NumGC=8"}
{"@timestamp":"2022-02-19T01:24:26.350-07","level":"stat","content":"(api) shedding_stat [1m], cpu: 0, total: 0, pass: 0, drop: 0"}
{"@timestamp":"2022-02-19T01:24:26.749-07","level":"stat","content":"(admin) - qps: 0.0/s, drops: 0, avg time: 0.0ms, med: 0.0ms, 90th: 0.0ms, 99th: 0.0ms, 99.9th: 0.0ms"}
{"@timestamp":"2022-02-19T01:25:26.368-07","level":"stat","content":"CPU: 0m, MEMORY: Alloc=5.1Mi, TotalAlloc=26.9Mi, Sys=30.1Mi, NumGC=8"}
{"@timestamp":"2022-02-19T01:25:26.391-07","level":"stat","content":"(api) shedding_stat [1m], cpu: 0, total: 0, pass: 0, drop: 0"}
{"@timestamp":"2022-02-19T01:25:26.792-07","level":"stat","content":"(admin) - qps: 0.0/s, drops: 0, avg time: 0.0ms, med: 0.0ms, 90th: 0.0ms, 99th: 0.0ms, 99.9th: 0.0ms"}
{"@timestamp":"2022-02-19T01:26:26.373-07","level":"stat","content":"CPU: 0m, MEMORY: Alloc=5.1Mi, TotalAlloc=27.0Mi, Sys=30.1Mi, NumGC=9"}
{"@timestamp":"2022-02-19T01:26:26.397-07","level":"stat","content":"(api) shedding_stat [1m], cpu: 0, total: 0, pass: 0, drop: 0"}
{"@timestamp":"2022-02-19T01:26:26.795-07","level":"stat","content":"(admin) - qps: 0.0/s, drops: 0, avg time: 0.0ms, med: 0.0ms, 90th: 0.0ms, 99th: 0.0ms, 99.9th: 0.0ms"}
{"@timestamp":"2022-02-19T01:27:26.374-07","level":"stat","content":"CPU: 0m, MEMORY: Alloc=5.1Mi, TotalAlloc=27.0Mi, Sys=30.1Mi, NumGC=9"}
{"@timestamp":"2022-02-19T01:27:26.398-07","level":"stat","content":"(api) shedding_stat [1m], cpu: 0, total: 0, pass: 0, drop: 0"}
{"@timestamp":"2022-02-19T01:27:26.797-07","level":"stat","content":"(admin) - qps: 0.0/s, drops: 0, avg time: 0.0ms, med: 0.0ms, 90th: 0.0ms, 99th: 0.0ms, 99.9th: 0.0ms"}
{"@timestamp":"2022-02-19T01:28:26.376-07","level":"stat","content":"CPU: 0m, MEMORY: Alloc=5.1Mi, TotalAlloc=27.0Mi, Sys=30.1Mi, NumGC=10"}
{"@timestamp":"2022-02-19T01:28:26.399-07","level":"stat","content":"(api) shedding_stat [1m], cpu: 0, total: 0, pass: 0, drop: 0"}
{"@timestamp":"2022-02-19T01:28:26.798-07","level":"stat","content":"(admin) - qps: 0.0/s, drops: 0, avg time: 0.0ms, med: 0.0ms, 90th: 0.0ms, 99th: 0.0ms, 99.9th: 0.0ms"}
{"@timestamp":"2022-02-19T01:29:26.377-07","level":"stat","content":"CPU: 0m, MEMORY: Alloc=5.1Mi, TotalAlloc=27.0Mi, Sys=30.1Mi, NumGC=10"}
{"@timestamp":"2022-02-19T01:29:26.401-07","level":"stat","content":"(api) shedding_stat [1m], cpu: 0, total: 0, pass: 0, drop: 0"}
{"@timestamp":"2022-02-19T01:29:26.799-07","level":"stat","content":"(admin) - qps: 0.0/s, drops: 0, avg time: 0.0ms, med: 0.0ms, 90th: 0.0ms, 99th: 0.0ms, 99.9th: 0.0ms"}
{"@timestamp":"2022-02-19T01:30:26.377-07","level":"stat","content":"CPU: 0m, MEMORY: Alloc=5.1Mi, TotalAlloc=27.0Mi, Sys=30.1Mi, NumGC=11"}
{"@timestamp":"2022-02-19T01:30:26.403-07","level":"stat","content":"(api) shedding_stat [1m], cpu: 0, total: 0, pass: 0, drop: 0"}
{"@timestamp":"2022-02-19T01:30:26.800-07","level":"stat","content":"(admin) - qps: 0.0/s, drops: 0, avg time: 0.0ms, med: 0.0ms, 90th: 0.0ms, 99th: 0.0ms, 99.9th: 0.0ms"}
{"@timestamp":"2022-02-19T01:31:26.380-07","level":"stat","content":"CPU: 0m, MEMORY: Alloc=5.1Mi, TotalAlloc=27.0Mi, Sys=30.1Mi, NumGC=11"}
{"@timestamp":"2022-02-19T01:31:26.403-07","level":"stat","content":"(api) shedding_stat [1m], cpu: 0, total: 0, pass: 0, drop: 0"}
{"@timestamp":"2022-02-19T01:31:26.801-07","level":"stat","content":"(admin) - qps: 0.0/s, drops: 0, avg time: 0.0ms, med: 0.0ms, 90th: 0.0ms, 99th: 0.0ms, 99.9th: 0.0ms"}
{"@timestamp":"2022-02-19T01:32:26.381-07","level":"stat","content":"CPU: 0m, MEMORY: Alloc=5.1Mi, TotalAlloc=27.0Mi, Sys=30.1Mi, NumGC=12"}
{"@timestamp":"2022-02-19T01:32:26.405-07","level":"stat","content":"(api) shedding_stat [1m], cpu: 0, total: 0, pass: 0, drop: 0"}
{"@timestamp":"2022-02-19T01:32:26.802-07","level":"stat","content":"(admin) - qps: 0.0/s, drops: 0, avg time: 0.0ms, med: 0.0ms, 90th: 0.0ms, 99th: 0.0ms, 99.9th: 0.0ms"}
{"@timestamp":"2022-02-19T01:33:26.382-07","level":"stat","content":"CPU: 0m, MEMORY: Alloc=5.1Mi, TotalAlloc=27.1Mi, Sys=30.1Mi, NumGC=12"}
{"@timestamp":"2022-02-19T01:33:26.406-07","level":"stat","content":"(api) shedding_stat [1m], cpu: 0, total: 0, pass: 0, drop: 0"}
{"@timestamp":"2022-02-19T01:33:26.804-07","level":"stat","content":"(admin) - qps: 0.0/s, drops: 0, avg time: 0.0ms, med: 0.0ms, 90th: 0.0ms, 99th: 0.0ms, 99.9th: 0.0ms"}
{"@timestamp":"2022-02-19T01:34:26.382-07","level":"stat","content":"CPU: 0m, MEMORY: Alloc=5.1Mi, TotalAlloc=27.1Mi, Sys=30.1Mi, NumGC=13"}
{"@timestamp":"2022-02-19T01:34:26.407-07","level":"stat","content":"(api) shedding_stat [1m], cpu: 0, total: 0, pass: 0, drop: 0"}
{"@timestamp":"2022-02-19T01:34:26.805-07","level":"stat","content":"(admin) - qps: 0.0/s, drops: 0, avg time: 0.0ms, med: 0.0ms, 90th: 0.0ms, 99th: 0.0ms, 99.9th: 0.0ms"}
{"@timestamp":"2022-02-19T01:35:26.383-07","level":"stat","content":"CPU: 0m, MEMORY: Alloc=5.1Mi, TotalAlloc=27.1Mi, Sys=30.1Mi, NumGC=13"}
{"@timestamp":"2022-02-19T01:35:26.408-07","level":"stat","content":"(api) shedding_stat [1m], cpu: 0, total: 0, pass: 0, drop: 0"}
{"@timestamp":"2022-02-19T01:35:26.807-07","level":"stat","content":"(admin) - qps: 0.0/s, drops: 0, avg time: 0.0ms, med: 0.0ms, 90th: 0.0ms, 99th: 0.0ms, 99.9th: 0.0ms"}
{"@timestamp":"2022-02-19T01:36:26.384-07","level":"stat","content":"CPU: 0m, MEMORY: Alloc=5.1Mi, TotalAlloc=27.1Mi, Sys=30.1Mi, NumGC=14"}
{"@timestamp":"2022-02-19T01:36:26.410-07","level":"stat","content":"(api) shedding_stat [1m], cpu: 0, total: 0, pass: 0, drop: 0"}
{"@timestamp":"2022-02-19T01:36:26.807-07","level":"stat","content":"(admin) - qps: 0.0/s, drops: 0, avg time: 0.0ms, med: 0.0ms, 90th: 0.0ms, 99th: 0.0ms, 99.9th: 0.0ms"}
{"@timestamp":"2022-02-19T01:37:26.386-07","level":"stat","content":"CPU: 0m, MEMORY: Alloc=5.1Mi, TotalAlloc=27.1Mi, Sys=30.1Mi, NumGC=14"}
{"@timestamp":"2022-02-19T01:37:26.411-07","level":"stat","content":"(api) shedding_stat [1m], cpu: 0, total: 0, pass: 0, drop: 0"}
{"@timestamp":"2022-02-19T01:37:26.808-07","level":"stat","content":"(admin) - qps: 0.0/s, drops: 0, avg time: 0.0ms, med: 0.0ms, 90th: 0.0ms, 99th: 0.0ms, 99.9th: 0.0ms"}
{"@timestamp":"2022-02-19T01:38:26.386-07","level":"stat","content":"CPU: 0m, MEMORY: Alloc=5.1Mi, TotalAlloc=27.1Mi, Sys=30.1Mi, NumGC=15"}
{"@timestamp":"2022-02-19T01:38:26.412-07","level":"stat","content":"(api) shedding_stat [1m], cpu: 0, total: 0, pass: 0, drop: 0"}
{"@timestamp":"2022-02-19T01:38:26.809-07","level":"stat","content":"(admin) - qps: 0.0/s, drops: 0, avg time: 0.0ms, med: 0.0ms, 90th: 0.0ms, 99th: 0.0ms, 99.9th: 0.0ms"}
{"@timestamp":"2022-02-19T01:39:26.387-07","level":"stat","content":"CPU: 0m, MEMORY: Alloc=5.1Mi, TotalAlloc=27.1Mi, Sys=30.1Mi, NumGC=15"}
{"@timestamp":"2022-02-19T01:39:26.411-07","level":"stat","content":"(api) shedding_stat [1m], cpu: 0, total: 0, pass: 0, drop: 0"}
{"@timestamp":"2022-02-19T01:39:26.810-07","level":"stat","content":"(admin) - qps: 0.0/s, drops: 0, avg time: 0.0ms, med: 0.0ms, 90th: 0.0ms, 99th: 0.0ms, 99.9th: 0.0ms"}
{"@timestamp":"2022-02-19T01:40:26.390-07","level":"stat","content":"CPU: 0m, MEMORY: Alloc=5.1Mi, TotalAlloc=27.2Mi, Sys=30.1Mi, NumGC=16"}
{"@timestamp":"2022-02-19T01:40:26.413-07","level":"stat","content":"(api) shedding_stat [1m], cpu: 0, total: 0, pass: 0, drop: 0"}
{"@timestamp":"2022-02-19T01:40:26.813-07","level":"stat","content":"(admin) - qps: 0.0/s, drops: 0, avg time: 0.0ms, med: 0.0ms, 90th: 0.0ms, 99th: 0.0ms, 99.9th: 0.0ms"}
{"@timestamp":"2022-02-19T01:41:26.391-07","level":"stat","content":"CPU: 0m, MEMORY: Alloc=5.1Mi, TotalAlloc=27.2Mi, Sys=30.1Mi, NumGC=16"}
{"@timestamp":"2022-02-19T01:41:26.414-07","level":"stat","content":"(api) shedding_stat [1m], cpu: 0, total: 0, pass: 0, drop: 0"}
{"@timestamp":"2022-02-19T01:41:26.813-07","level":"stat","content":"(admin) - qps: 0.0/s, drops: 0, avg time: 0.0ms, med: 0.0ms, 90th: 0.0ms, 99th: 0.0ms, 99.9th: 0.0ms"}
{"@timestamp":"2022-02-19T01:42:26.391-07","level":"stat","content":"CPU: 0m, MEMORY: Alloc=5.1Mi, TotalAlloc=27.2Mi, Sys=30.1Mi, NumGC=17"}
{"@timestamp":"2022-02-19T01:42:26.414-07","level":"stat","content":"(api) shedding_stat [1m], cpu: 0, total: 0, pass: 0, drop: 0"}
{"@timestamp":"2022-02-19T01:42:26.814-07","level":"stat","content":"(admin) - qps: 0.0/s, drops: 0, avg time: 0.0ms, med: 0.0ms, 90th: 0.0ms, 99th: 0.0ms, 99.9th: 0.0ms"}
{"@timestamp":"2022-02-19T01:43:26.392-07","level":"stat","content":"CPU: 0m, MEMORY: Alloc=5.1Mi, TotalAlloc=27.2Mi, Sys=30.1Mi, NumGC=17"}
{"@timestamp":"2022-02-19T01:43:26.417-07","level":"stat","content":"(api) shedding_stat [1m], cpu: 0, total: 0, pass: 0, drop: 0"}
{"@timestamp":"2022-02-19T01:43:26.816-07","level":"stat","content":"(admin) - qps: 0.0/s, drops: 0, avg time: 0.0ms, med: 0.0ms, 90th: 0.0ms, 99th: 0.0ms, 99.9th: 0.0ms"}
{"@timestamp":"2022-02-19T01:44:26.393-07","level":"stat","content":"CPU: 0m, MEMORY: Alloc=5.1Mi, TotalAlloc=27.2Mi, Sys=30.1Mi, NumGC=18"}
{"@timestamp":"2022-02-19T01:44:26.418-07","level":"stat","content":"(api) shedding_stat [1m], cpu: 0, total: 0, pass: 0, drop: 0"}
{"@timestamp":"2022-02-19T01:44:26.816-07","level":"stat","content":"(admin) - qps: 0.0/s, drops: 0, avg time: 0.0ms, med: 0.0ms, 90th: 0.0ms, 99th: 0.0ms, 99.9th: 0.0ms"}
{"@timestamp":"2022-02-19T01:45:26.394-07","level":"stat","content":"CPU: 0m, MEMORY: Alloc=5.1Mi, TotalAlloc=27.2Mi, Sys=30.1Mi, NumGC=18"}
{"@timestamp":"2022-02-19T01:45:26.419-07","level":"stat","content":"(api) shedding_stat [1m], cpu: 0, total: 0, pass: 0, drop: 0"}
{"@timestamp":"2022-02-19T01:45:26.818-07","level":"stat","content":"(admin) - qps: 0.0/s, drops: 0, avg time: 0.0ms, med: 0.0ms, 90th: 0.0ms, 99th: 0.0ms, 99.9th: 0.0ms"}
{"@timestamp":"2022-02-19T01:46:26.395-07","level":"stat","content":"CPU: 0m, MEMORY: Alloc=5.1Mi, TotalAlloc=27.2Mi, Sys=30.1Mi, NumGC=19"}
{"@timestamp":"2022-02-19T01:46:26.419-07","level":"stat","content":"(api) shedding_stat [1m], cpu: 0, total: 0, pass: 0, drop: 0"}
{"@timestamp":"2022-02-19T01:46:26.818-07","level":"stat","content":"(admin) - qps: 0.0/s, drops: 0, avg time: 0.0ms, med: 0.0ms, 90th: 0.0ms, 99th: 0.0ms, 99.9th: 0.0ms"}
{"@timestamp":"2022-02-19T01:47:26.396-07","level":"stat","content":"CPU: 0m, MEMORY: Alloc=5.1Mi, TotalAlloc=27.2Mi, Sys=30.1Mi, NumGC=19"}
{"@timestamp":"2022-02-19T01:47:26.421-07","level":"stat","content":"(api) shedding_stat [1m], cpu: 0, total: 0, pass: 0, drop: 0"}
{"@timestamp":"2022-02-19T01:47:26.820-07","level":"stat","content":"(admin) - qps: 0.0/s, drops: 0, avg time: 0.0ms, med: 0.0ms, 90th: 0.0ms, 99th: 0.0ms, 99.9th: 0.0ms"}
{"@timestamp":"2022-02-19T01:48:26.398-07","level":"stat","content":"CPU: 0m, MEMORY: Alloc=5.1Mi, TotalAlloc=27.3Mi, Sys=30.1Mi, NumGC=20"}
{"@timestamp":"2022-02-19T01:48:26.422-07","level":"stat","content":"(api) shedding_stat [1m], cpu: 0, total: 0, pass: 0, drop: 0"}
{"@timestamp":"2022-02-19T01:48:26.820-07","level":"stat","content":"(admin) - qps: 0.0/s, drops: 0, avg time: 0.0ms, med: 0.0ms, 90th: 0.0ms, 99th: 0.0ms, 99.9th: 0.0ms"}
{"@timestamp":"2022-02-19T01:49:26.377-07","level":"stat","content":"CPU: 0m, MEMORY: Alloc=5.1Mi, TotalAlloc=27.3Mi, Sys=30.1Mi, NumGC=20"}
{"@timestamp":"2022-02-19T01:49:26.402-07","level":"stat","content":"(api) shedding_stat [1m], cpu: 0, total: 0, pass: 0, drop: 0"}
{"@timestamp":"2022-02-19T01:49:26.800-07","level":"stat","content":"(admin) - qps: 0.0/s, drops: 0, avg time: 0.0ms, med: 0.0ms, 90th: 0.0ms, 99th: 0.0ms, 99.9th: 0.0ms"}
{"@timestamp":"2022-02-19T01:50:26.377-07","level":"stat","content":"CPU: 0m, MEMORY: Alloc=5.1Mi, TotalAlloc=27.3Mi, Sys=30.1Mi, NumGC=21"}
{"@timestamp":"2022-02-19T01:50:26.400-07","level":"stat","content":"(api) shedding_stat [1m], cpu: 0, total: 0, pass: 0, drop: 0"}
{"@timestamp":"2022-02-19T01:50:26.799-07","level":"stat","content":"(admin) - qps: 0.0/s, drops: 0, avg time: 0.0ms, med: 0.0ms, 90th: 0.0ms, 99th: 0.0ms, 99.9th: 0.0ms"}
{"@timestamp":"2022-02-19T01:51:26.377-07","level":"stat","content":"CPU: 0m, MEMORY: Alloc=5.1Mi, TotalAlloc=27.3Mi, Sys=30.1Mi, NumGC=21"}
{"@timestamp":"2022-02-19T01:51:26.402-07","level":"stat","content":"(api) shedding_stat [1m], cpu: 0, total: 0, pass: 0, drop: 0"}
{"@timestamp":"2022-02-19T01:51:26.801-07","level":"stat","content":"(admin) - qps: 0.0/s, drops: 0, avg time: 0.0ms, med: 0.0ms, 90th: 0.0ms, 99th: 0.0ms, 99.9th: 0.0ms"}
{"@timestamp":"2022-02-19T01:52:26.378-07","level":"stat","content":"CPU: 0m, MEMORY: Alloc=5.1Mi, TotalAlloc=27.3Mi, Sys=30.1Mi, NumGC=22"}
{"@timestamp":"2022-02-19T01:52:26.402-07","level":"stat","content":"(api) shedding_stat [1m], cpu: 0, total: 0, pass: 0, drop: 0"}
{"@timestamp":"2022-02-19T01:52:26.801-07","level":"stat","content":"(admin) - qps: 0.0/s, drops: 0, avg time: 0.0ms, med: 0.0ms, 90th: 0.0ms, 99th: 0.0ms, 99.9th: 0.0ms"}
{"@timestamp":"2022-02-19T01:53:26.378-07","level":"stat","content":"CPU: 0m, MEMORY: Alloc=5.1Mi, TotalAlloc=27.3Mi, Sys=30.1Mi, NumGC=22"}
{"@timestamp":"2022-02-19T01:53:26.403-07","level":"stat","content":"(api) shedding_stat [1m], cpu: 0, total: 0, pass: 0, drop: 0"}
{"@timestamp":"2022-02-19T01:53:26.802-07","level":"stat","content":"(admin) - qps: 0.0/s, drops: 0, avg time: 0.0ms, med: 0.0ms, 90th: 0.0ms, 99th: 0.0ms, 99.9th: 0.0ms"}
{"@timestamp":"2022-02-19T01:54:26.379-07","level":"stat","content":"CPU: 0m, MEMORY: Alloc=5.1Mi, TotalAlloc=27.3Mi, Sys=30.1Mi, NumGC=23"}
{"@timestamp":"2022-02-19T01:54:26.404-07","level":"stat","content":"(api) shedding_stat [1m], cpu: 0, total: 0, pass: 0, drop: 0"}
{"@timestamp":"2022-02-19T01:54:26.803-07","level":"stat","content":"(admin) - qps: 0.0/s, drops: 0, avg time: 0.0ms, med: 0.0ms, 90th: 0.0ms, 99th: 0.0ms, 99.9th: 0.0ms"}
{"@timestamp":"2022-02-19T01:55:26.380-07","level":"stat","content":"CPU: 0m, MEMORY: Alloc=5.1Mi, TotalAlloc=27.4Mi, Sys=30.1Mi, NumGC=23"}
{"@timestamp":"2022-02-19T01:55:26.405-07","level":"stat","content":"(api) shedding_stat [1m], cpu: 0, total: 0, pass: 0, drop: 0"}
{"@timestamp":"2022-02-19T01:55:26.804-07","level":"stat","content":"(admin) - qps: 0.0/s, drops: 0, avg time: 0.0ms, med: 0.0ms, 90th: 0.0ms, 99th: 0.0ms, 99.9th: 0.0ms"}
{"@timestamp":"2022-02-19T01:56:26.381-07","level":"stat","content":"CPU: 0m, MEMORY: Alloc=5.1Mi, TotalAlloc=27.4Mi, Sys=30.1Mi, NumGC=24"}
{"@timestamp":"2022-02-19T01:56:26.405-07","level":"stat","content":"(api) shedding_stat [1m], cpu: 0, total: 0, pass: 0, drop: 0"}
{"@timestamp":"2022-02-19T01:56:26.805-07","level":"stat","content":"(admin) - qps: 0.0/s, drops: 0, avg time: 0.0ms, med: 0.0ms, 90th: 0.0ms, 99th: 0.0ms, 99.9th: 0.0ms"}
{"@timestamp":"2022-02-19T01:57:26.381-07","level":"stat","content":"CPU: 0m, MEMORY: Alloc=5.1Mi, TotalAlloc=27.4Mi, Sys=30.1Mi, NumGC=24"}
{"@timestamp":"2022-02-19T01:57:26.405-07","level":"stat","content":"(api) shedding_stat [1m], cpu: 0, total: 0, pass: 0, drop: 0"}
{"@timestamp":"2022-02-19T01:57:26.805-07","level":"stat","content":"(admin) - qps: 0.0/s, drops: 0, avg time: 0.0ms, med: 0.0ms, 90th: 0.0ms, 99th: 0.0ms, 99.9th: 0.0ms"}
{"@timestamp":"2022-02-19T01:59:13.494-07","level":"stat","content":"p2c - conn: 192.168.1.117:65010, load: 4100, reqs: 1"}
{"@timestamp":"2022-02-19T02:00:33.884-07","level":"stat","content":"p2c - conn: 192.168.1.117:65010, load: 3294, reqs: 1"}
{"@timestamp":"2022-02-19T02:01:02.765-07","level":"stat","content":"CPU: 0m, MEMORY: Alloc=11.1Mi, TotalAlloc=23.2Mi, Sys=33.6Mi, NumGC=6"}
{"@timestamp":"2022-02-19T02:01:02.785-07","level":"stat","content":"(api) shedding_stat [1m], cpu: 0, total: 4, pass: 4, drop: 0"}
{"@timestamp":"2022-02-19T02:01:33.885-07","level":"stat","content":"(admin) - qps: 0.1/s, drops: 0, avg time: 6.0ms, med: 5.3ms, 90th: 11.1ms, 99th: 11.1ms, 99.9th: 11.1ms"}
{"@timestamp":"2022-02-19T02:02:02.765-07","level":"stat","content":"CPU: 0m, MEMORY: Alloc=11.2Mi, TotalAlloc=23.3Mi, Sys=33.6Mi, NumGC=6"}
{"@timestamp":"2022-02-19T02:02:02.786-07","level":"stat","content":"(api) shedding_stat [1m], cpu: 0, total: 0, pass: 0, drop: 0"}
{"@timestamp":"2022-02-19T02:02:59.967-07","level":"stat","content":"p2c - conn: 192.168.1.117:65010, load: 3364, reqs: 1"}
{"@timestamp":"2022-02-19T02:04:00.482-07","level":"stat","content":"p2c - conn: 192.168.1.117:65010, load: 2865, reqs: 1"}
{"@timestamp":"2022-02-19T02:04:57.605-07","level":"stat","content":"CPU: 0m, MEMORY: Alloc=7.4Mi, TotalAlloc=19.5Mi, Sys=33.1Mi, NumGC=6"}
{"@timestamp":"2022-02-19T02:04:57.626-07","level":"stat","content":"(api) shedding_stat [1m], cpu: 0, total: 3, pass: 3, drop: 0"}
{"@timestamp":"2022-02-19T02:05:00.484-07","level":"stat","content":"(admin) - qps: 0.1/s, drops: 0, avg time: 5.7ms, med: 8.7ms, 90th: 8.7ms, 99th: 8.7ms, 99.9th: 8.7ms"}
{"@timestamp":"2022-02-19T02:05:57.606-07","level":"stat","content":"CPU: 0m, MEMORY: Alloc=7.5Mi, TotalAlloc=19.6Mi, Sys=33.1Mi, NumGC=6"}
{"@timestamp":"2022-02-19T02:05:57.627-07","level":"stat","content":"(api) shedding_stat [1m], cpu: 0, total: 0, pass: 0, drop: 0"}
{"@timestamp":"2022-02-19T02:06:00.484-07","level":"stat","content":"(admin) - qps: 0.0/s, drops: 0, avg time: 0.0ms, med: 0.0ms, 90th: 0.0ms, 99th: 0.0ms, 99.9th: 0.0ms"}
{"@timestamp":"2022-02-19T02:06:57.607-07","level":"stat","content":"CPU: 0m, MEMORY: Alloc=5.0Mi, TotalAlloc=19.6Mi, Sys=33.1Mi, NumGC=7"}
{"@timestamp":"2022-02-19T02:06:57.628-07","level":"stat","content":"(api) shedding_stat [1m], cpu: 0, total: 0, pass: 0, drop: 0"}
{"@timestamp":"2022-02-19T02:07:00.485-07","level":"stat","content":"(admin) - qps: 0.0/s, drops: 0, avg time: 0.0ms, med: 0.0ms, 90th: 0.0ms, 99th: 0.0ms, 99.9th: 0.0ms"}
{"@timestamp":"2022-02-19T02:07:57.608-07","level":"stat","content":"CPU: 0m, MEMORY: Alloc=5.0Mi, TotalAlloc=19.6Mi, Sys=33.1Mi, NumGC=7"}
{"@timestamp":"2022-02-19T02:07:57.628-07","level":"stat","content":"(api) shedding_stat [1m], cpu: 0, total: 0, pass: 0, drop: 0"}
{"@timestamp":"2022-02-19T02:08:00.485-07","level":"stat","content":"(admin) - qps: 0.0/s, drops: 0, avg time: 0.0ms, med: 0.0ms, 90th: 0.0ms, 99th: 0.0ms, 99.9th: 0.0ms"}
{"@timestamp":"2022-02-19T02:08:57.608-07","level":"stat","content":"CPU: 0m, MEMORY: Alloc=4.9Mi, TotalAlloc=19.6Mi, Sys=33.1Mi, NumGC=8"}
{"@timestamp":"2022-02-19T02:08:57.629-07","level":"stat","content":"(api) shedding_stat [1m], cpu: 0, total: 0, pass: 0, drop: 0"}
{"@timestamp":"2022-02-19T02:09:00.486-07","level":"stat","content":"(admin) - qps: 0.0/s, drops: 0, avg time: 0.0ms, med: 0.0ms, 90th: 0.0ms, 99th: 0.0ms, 99.9th: 0.0ms"}
{"@timestamp":"2022-02-19T02:09:50.403-07","level":"stat","content":"p2c - conn: 192.168.1.117:65010, load: 3486, reqs: 1"}
{"@timestamp":"2022-02-19T02:10:45.936-07","level":"stat","content":"CPU: 0m, MEMORY: Alloc=7.4Mi, TotalAlloc=19.5Mi, Sys=33.6Mi, NumGC=6"}
{"@timestamp":"2022-02-19T02:10:45.956-07","level":"stat","content":"(api) shedding_stat [1m], cpu: 0, total: 3, pass: 3, drop: 0"}
{"@timestamp":"2022-02-19T02:10:50.405-07","level":"stat","content":"(admin) - qps: 0.1/s, drops: 0, avg time: 7.3ms, med: 14.0ms, 90th: 14.0ms, 99th: 14.0ms, 99.9th: 14.0ms"}
{"@timestamp":"2022-02-19T02:11:45.936-07","level":"stat","content":"CPU: 0m, MEMORY: Alloc=7.6Mi, TotalAlloc=19.6Mi, Sys=33.6Mi, NumGC=6"}
{"@timestamp":"2022-02-19T02:11:45.957-07","level":"stat","content":"(api) shedding_stat [1m], cpu: 0, total: 0, pass: 0, drop: 0"}
{"@timestamp":"2022-02-19T02:11:50.405-07","level":"stat","content":"(admin) - qps: 0.0/s, drops: 0, avg time: 0.0ms, med: 0.0ms, 90th: 0.0ms, 99th: 0.0ms, 99.9th: 0.0ms"}
{"@timestamp":"2022-02-19T02:12:36.177-07","level":"stat","content":"p2c - conn: 192.168.1.117:65010, load: 2344, reqs: 1"}
{"@timestamp":"2022-02-19T02:13:35.287-07","level":"stat","content":"CPU: 0m, MEMORY: Alloc=6.9Mi, TotalAlloc=26.5Mi, Sys=33.6Mi, NumGC=7"}
{"@timestamp":"2022-02-19T02:13:35.309-07","level":"stat","content":"(api) shedding_stat [1m], cpu: 0, total: 5, pass: 5, drop: 0"}
{"@timestamp":"2022-02-19T02:13:36.178-07","level":"stat","content":"(admin) - qps: 0.1/s, drops: 0, avg time: 4.6ms, med: 5.0ms, 90th: 6.5ms, 99th: 6.5ms, 99.9th: 6.5ms"}
{"@timestamp":"2022-02-19T02:14:35.289-07","level":"stat","content":"CPU: 0m, MEMORY: Alloc=7.1Mi, TotalAlloc=26.6Mi, Sys=33.6Mi, NumGC=7"}
{"@timestamp":"2022-02-19T02:14:35.310-07","level":"stat","content":"(api) shedding_stat [1m], cpu: 0, total: 0, pass: 0, drop: 0"}
{"@timestamp":"2022-02-19T02:14:36.179-07","level":"stat","content":"(admin) - qps: 0.0/s, drops: 0, avg time: 0.0ms, med: 0.0ms, 90th: 0.0ms, 99th: 0.0ms, 99.9th: 0.0ms"}
{"@timestamp":"2022-02-19T02:15:35.293-07","level":"stat","content":"CPU: 0m, MEMORY: Alloc=5.0Mi, TotalAlloc=26.7Mi, Sys=33.6Mi, NumGC=8"}
{"@timestamp":"2022-02-19T02:15:35.314-07","level":"stat","content":"(api) shedding_stat [1m], cpu: 0, total: 0, pass: 0, drop: 0"}
{"@timestamp":"2022-02-19T02:15:36.184-07","level":"stat","content":"(admin) - qps: 0.0/s, drops: 0, avg time: 0.0ms, med: 0.0ms, 90th: 0.0ms, 99th: 0.0ms, 99.9th: 0.0ms"}
{"@timestamp":"2022-02-19T02:16:51.108-07","level":"stat","content":"p2c - conn: 192.168.1.117:65010, load: 2389, reqs: 1"}
{"@timestamp":"2022-02-19T02:18:07.922-07","level":"stat","content":"p2c - conn: 192.168.1.117:65010, load: 2434, reqs: 1"}
{"@timestamp":"2022-02-19T02:19:06.892-07","level":"stat","content":"CPU: 0m, MEMORY: Alloc=7.5Mi, TotalAlloc=19.6Mi, Sys=33.9Mi, NumGC=6"}
{"@timestamp":"2022-02-19T02:19:06.914-07","level":"stat","content":"(api) shedding_stat [1m], cpu: 0, total: 3, pass: 3, drop: 0"}
{"@timestamp":"2022-02-19T02:19:07.925-07","level":"stat","content":"(admin) - qps: 0.1/s, drops: 0, avg time: 5.3ms, med: 6.9ms, 90th: 6.9ms, 99th: 6.9ms, 99.9th: 6.9ms"}
{"@timestamp":"2022-02-19T02:19:54.883-07","level":"stat","content":"p2c - conn: 192.168.1.117:65010, load: 2989, reqs: 1"}
{"@timestamp":"2022-02-19T02:20:41.709-07","level":"stat","content":"CPU: 0m, MEMORY: Alloc=11.0Mi, TotalAlloc=23.1Mi, Sys=29.3Mi, NumGC=6"}
{"@timestamp":"2022-02-19T02:20:41.729-07","level":"stat","content":"(api) shedding_stat [1m], cpu: 0, total: 4, pass: 4, drop: 0"}
{"@timestamp":"2022-02-19T02:20:54.886-07","level":"stat","content":"(admin) - qps: 0.1/s, drops: 0, avg time: 5.2ms, med: 4.4ms, 90th: 9.2ms, 99th: 9.2ms, 99.9th: 9.2ms"}
{"@timestamp":"2022-02-19T02:21:41.710-07","level":"stat","content":"CPU: 0m, MEMORY: Alloc=11.1Mi, TotalAlloc=23.2Mi, Sys=29.3Mi, NumGC=6"}
{"@timestamp":"2022-02-19T02:21:41.730-07","level":"stat","content":"(api) shedding_stat [1m], cpu: 0, total: 0, pass: 0, drop: 0"}
{"@timestamp":"2022-02-19T02:21:54.886-07","level":"stat","content":"(admin) - qps: 0.0/s, drops: 0, avg time: 0.0ms, med: 0.0ms, 90th: 0.0ms, 99th: 0.0ms, 99.9th: 0.0ms"}
{"@timestamp":"2022-02-19T02:22:52.151-07","level":"stat","content":"p2c - conn: 192.168.1.117:65010, load: 2368, reqs: 1"}
{"@timestamp":"2022-02-19T02:23:48.325-07","level":"stat","content":"CPU: 0m, MEMORY: Alloc=11.0Mi, TotalAlloc=33.6Mi, Sys=30.3Mi, NumGC=8"}
{"@timestamp":"2022-02-19T02:23:48.346-07","level":"stat","content":"(api) shedding_stat [1m], cpu: 0, total: 7, pass: 7, drop: 0"}
{"@timestamp":"2022-02-19T02:23:52.153-07","level":"stat","content":"(admin) - qps: 0.1/s, drops: 0, avg time: 4.1ms, med: 4.3ms, 90th: 5.8ms, 99th: 5.8ms, 99.9th: 5.8ms"}
{"@timestamp":"2022-02-19T02:24:30.241-07","level":"stat","content":"p2c - conn: 192.168.1.117:65010, load: 3613, reqs: 1"}
{"@timestamp":"2022-02-19T02:26:15.872-07","level":"stat","content":"CPU: 0m, MEMORY: Alloc=4.8Mi, TotalAlloc=8.7Mi, Sys=26.1Mi, NumGC=4"}
{"@timestamp":"2022-02-19T02:26:15.893-07","level":"stat","content":"(api) shedding_stat [1m], cpu: 0, total: 0, pass: 0, drop: 0"}
{"@timestamp":"2022-02-19T02:27:15.873-07","level":"stat","content":"CPU: 0m, MEMORY: Alloc=5.0Mi, TotalAlloc=8.8Mi, Sys=26.1Mi, NumGC=4"}
{"@timestamp":"2022-02-19T02:27:15.894-07","level":"stat","content":"(api) shedding_stat [1m], cpu: 0, total: 0, pass: 0, drop: 0"}
{"@timestamp":"2022-02-19T02:27:44.939-07","level":"stat","content":"p2c - conn: 192.168.1.117:65010, load: 3818, reqs: 1"}
{"@timestamp":"2022-02-19T02:28:40.945-07","level":"stat","content":"CPU: 0m, MEMORY: Alloc=11.0Mi, TotalAlloc=93.7Mi, Sys=30.3Mi, NumGC=17"}
{"@timestamp":"2022-02-19T02:28:40.979-07","level":"stat","content":"(api) shedding_stat [1m], cpu: 0, total: 24, pass: 24, drop: 0"}
{"@timestamp":"2022-02-19T02:28:44.942-07","level":"stat","content":"(admin) - qps: 0.4/s, drops: 0, avg time: 4.5ms, med: 4.0ms, 90th: 5.2ms, 99th: 14.9ms, 99.9th: 14.9ms"}
{"@timestamp":"2022-02-19T02:29:53.216-07","level":"stat","content":"p2c - conn: 192.168.1.117:65010, load: 3217, reqs: 1"}
{"@timestamp":"2022-02-19T02:30:51.946-07","level":"stat","content":"p2c - conn: 192.168.1.117:65010, load: 2959, reqs: 1"}
{"@timestamp":"2022-02-19T02:31:46.206-07","level":"stat","content":"CPU: 0m, MEMORY: Alloc=8.3Mi, TotalAlloc=19.5Mi, Sys=29.8Mi, NumGC=6"}
{"@timestamp":"2022-02-19T02:31:46.231-07","level":"stat","content":"(api) shedding_stat [1m], cpu: 0, total: 3, pass: 3, drop: 0"}
{"@timestamp":"2022-02-19T02:31:51.948-07","level":"stat","content":"(admin) - qps: 0.1/s, drops: 0, avg time: 334.0ms, med: 990.3ms, 90th: 990.3ms, 99th: 990.3ms, 99.9th: 990.3ms"}
{"@timestamp":"2022-02-19T02:32:46.207-07","level":"stat","content":"CPU: 0m, MEMORY: Alloc=8.5Mi, TotalAlloc=19.7Mi, Sys=29.8Mi, NumGC=6"}
{"@timestamp":"2022-02-19T02:32:46.232-07","level":"stat","content":"(api) shedding_stat [1m], cpu: 0, total: 0, pass: 0, drop: 0"}
{"@timestamp":"2022-02-19T02:32:51.950-07","level":"stat","content":"(admin) - qps: 0.0/s, drops: 0, avg time: 0.0ms, med: 0.0ms, 90th: 0.0ms, 99th: 0.0ms, 99.9th: 0.0ms"}
{"@timestamp":"2022-02-19T02:33:03.915-07","level":"stat","content":"p2c - conn: 192.168.1.117:65010, load: 27059, reqs: 3"}
{"@timestamp":"2022-02-19T02:33:46.209-07","level":"stat","content":"CPU: 0m, MEMORY: Alloc=7.6Mi, TotalAlloc=23.2Mi, Sys=29.8Mi, NumGC=7"}
{"@timestamp":"2022-02-19T02:33:46.233-07","level":"stat","content":"(api) shedding_stat [1m], cpu: 0, total: 1, pass: 1, drop: 0"}
{"@timestamp":"2022-02-19T02:33:51.951-07","level":"stat","content":"(admin) - qps: 0.0/s, drops: 0, avg time: 733.0ms, med: 733.6ms, 90th: 733.6ms, 99th: 733.6ms, 99.9th: 733.6ms"}
{"@timestamp":"2022-02-19T02:34:32.639-07","level":"stat","content":"p2c - conn: 192.168.1.117:65010, load: 36366, reqs: 1"}
